<?xml version="1.0" encoding="UTF-8"?>
<testsuite name="com.galvanize.autos.AutosControllerTests" tests="14" skipped="0" failures="0" errors="0" timestamp="2022-08-11T23:56:49" hostname="Kuns-Mac-mini.local" time="0.092">
  <properties/>
  <testcase name="getAutos_searchParams_exists_returnsAutosList()" classname="com.galvanize.autos.AutosControllerTests" time="0.043"/>
  <testcase name="getAuto_noParams_exists_returnsAutosLists()" classname="com.galvanize.autos.AutosControllerTests" time="0.003"/>
  <testcase name="deleteAuto_withVin_exists_returns202()" classname="com.galvanize.autos.AutosControllerTests" time="0.005"/>
  <testcase name="updateAuto_badRequest_returns400()" classname="com.galvanize.autos.AutosControllerTests" time="0.006"/>
  <testcase name="updateAuto_withObject_returnsAuto()" classname="com.galvanize.autos.AutosControllerTests" time="0.004"/>
  <testcase name="addAuto_badRequest_returns400()" classname="com.galvanize.autos.AutosControllerTests" time="0.005"/>
  <testcase name="updateAuto_withObject_returnsNoContent()" classname="com.galvanize.autos.AutosControllerTests" time="0.002"/>
  <testcase name="getAutos_onlySearchParamsMake_exists_returnsAutosList()" classname="com.galvanize.autos.AutosControllerTests" time="0.003"/>
  <testcase name="getAuto_withVin_returnsNoContent()" classname="com.galvanize.autos.AutosControllerTests" time="0.003"/>
  <testcase name="getAuto_withVin_returnsAuto()" classname="com.galvanize.autos.AutosControllerTests" time="0.002"/>
  <testcase name="deleteAuto_withVin_notExists_returns204()" classname="com.galvanize.autos.AutosControllerTests" time="0.002"/>
  <testcase name="getAutos_onlySearchParamsColor_exists_returnsAutosList()" classname="com.galvanize.autos.AutosControllerTests" time="0.003"/>
  <testcase name="addAuto_valid_returnsAuto()" classname="com.galvanize.autos.AutosControllerTests" time="0.003"/>
  <testcase name="getAutos_noParams_none_returnsNoContent()" classname="com.galvanize.autos.AutosControllerTests" time="0.002"/>
  <system-out><![CDATA[2022-08-11 16:56:48.792  INFO 61092 --- [    Test worker] .b.t.a.w.s.WebMvcTestContextBootstrapper : Neither @ContextConfiguration nor @ContextHierarchy found for test class [com.galvanize.autos.AutosControllerTests], using SpringBootContextLoader
2022-08-11 16:56:48.793  INFO 61092 --- [    Test worker] o.s.t.c.support.AbstractContextLoader    : Could not detect default resource locations for test class [com.galvanize.autos.AutosControllerTests]: no resource found for suffixes {-context.xml, Context.groovy}.
2022-08-11 16:56:48.793  INFO 61092 --- [    Test worker] t.c.s.AnnotationConfigContextLoaderUtils : Could not detect default configuration classes for test class [com.galvanize.autos.AutosControllerTests]: AutosControllerTests does not declare any static, non-private, non-final, nested classes annotated with @Configuration.
2022-08-11 16:56:48.800  INFO 61092 --- [    Test worker] .b.t.c.SpringBootTestContextBootstrapper : Found @SpringBootConfiguration com.galvanize.autos.AutosApiApplication for test class com.galvanize.autos.AutosControllerTests
2022-08-11 16:56:48.800  INFO 61092 --- [    Test worker] .b.t.a.w.s.WebMvcTestContextBootstrapper : Loaded default TestExecutionListener class names from location [META-INF/spring.factories]: [org.springframework.boot.test.autoconfigure.restdocs.RestDocsTestExecutionListener, org.springframework.boot.test.autoconfigure.web.client.MockRestServiceServerResetTestExecutionListener, org.springframework.boot.test.autoconfigure.web.servlet.MockMvcPrintOnlyOnFailureTestExecutionListener, org.springframework.boot.test.autoconfigure.web.servlet.WebDriverTestExecutionListener, org.springframework.boot.test.autoconfigure.webservices.client.MockWebServiceServerTestExecutionListener, org.springframework.boot.test.mock.mockito.MockitoTestExecutionListener, org.springframework.boot.test.mock.mockito.ResetMocksTestExecutionListener, org.springframework.test.context.web.ServletTestExecutionListener, org.springframework.test.context.support.DirtiesContextBeforeModesTestExecutionListener, org.springframework.test.context.event.ApplicationEventsTestExecutionListener, org.springframework.test.context.support.DependencyInjectionTestExecutionListener, org.springframework.test.context.support.DirtiesContextTestExecutionListener, org.springframework.test.context.transaction.TransactionalTestExecutionListener, org.springframework.test.context.jdbc.SqlScriptsTestExecutionListener, org.springframework.test.context.event.EventPublishingTestExecutionListener]
2022-08-11 16:56:48.801  INFO 61092 --- [    Test worker] .b.t.a.w.s.WebMvcTestContextBootstrapper : Using TestExecutionListeners: [org.springframework.test.context.web.ServletTestExecutionListener@37736bf1, org.springframework.test.context.support.DirtiesContextBeforeModesTestExecutionListener@2a7c82e, org.springframework.test.context.event.ApplicationEventsTestExecutionListener@22128b73, org.springframework.boot.test.mock.mockito.MockitoTestExecutionListener@338f9bb5, org.springframework.boot.test.autoconfigure.SpringBootDependencyInjectionTestExecutionListener@1f0f52d6, org.springframework.test.context.support.DirtiesContextTestExecutionListener@23551fa1, org.springframework.test.context.transaction.TransactionalTestExecutionListener@152a41ab, org.springframework.test.context.jdbc.SqlScriptsTestExecutionListener@5a372288, org.springframework.test.context.event.EventPublishingTestExecutionListener@3f4b52fa, org.springframework.boot.test.autoconfigure.restdocs.RestDocsTestExecutionListener@3468faa5, org.springframework.boot.test.autoconfigure.web.client.MockRestServiceServerResetTestExecutionListener@7308c29a, org.springframework.boot.test.autoconfigure.web.servlet.MockMvcPrintOnlyOnFailureTestExecutionListener@10c88d11, org.springframework.boot.test.autoconfigure.web.servlet.WebDriverTestExecutionListener@75f1c170, org.springframework.boot.test.autoconfigure.webservices.client.MockWebServiceServerTestExecutionListener@63fa0b9, org.springframework.boot.test.mock.mockito.ResetMocksTestExecutionListener@3316aef6]
2022-08-11 16:56:49.085  WARN 61092 --- [    Test worker] ubernetesProfileEnvironmentPostProcessor : Not running inside kubernetes. Skipping 'kubernetes' profile activation.

  .   ____          _            __ _ _
 /\\ / ___'_ __ _ _(_)_ __  __ _ \ \ \ \
( ( )\___ | '_ | '_| | '_ \/ _` | \ \ \ \
 \\/  ___)| |_)| | | | | || (_| |  ) ) ) )
  '  |____| .__|_| |_|_| |_\__, | / / / /
 =========|_|==============|___/=/_/_/_/
 :: Spring Boot ::                (v2.7.2)

2022-08-11 16:56:49.355  WARN 61092 --- [    Test worker] ubernetesProfileEnvironmentPostProcessor : Not running inside kubernetes. Skipping 'kubernetes' profile activation.
2022-08-11 16:56:49.355  INFO 61092 --- [    Test worker] c.galvanize.autos.AutosControllerTests   : No active profile set, falling back to 1 default profile: "default"
2022-08-11 16:56:49.523  INFO 61092 --- [    Test worker] o.s.b.t.m.w.SpringBootMockServletContext : Initializing Spring TestDispatcherServlet ''
2022-08-11 16:56:49.523  INFO 61092 --- [    Test worker] o.s.t.web.servlet.TestDispatcherServlet  : Initializing Servlet ''
2022-08-11 16:56:49.524  INFO 61092 --- [    Test worker] o.s.t.web.servlet.TestDispatcherServlet  : Completed initialization in 0 ms
2022-08-11 16:56:49.531  INFO 61092 --- [    Test worker] c.galvanize.autos.AutosControllerTests   : Started AutosControllerTests in 0.727 seconds (JVM running for 6.119)

MockHttpServletRequest:
      HTTP Method = GET
      Request URI = /api/autos
       Parameters = {color=[White], make=[Toyota]}
          Headers = []
             Body = null
    Session Attrs = {}

Handler:
             Type = com.galvanize.autos.AutosController
           Method = com.galvanize.autos.AutosController#getAutos(String, String)

Async:
    Async started = false
     Async result = null

Resolved Exception:
             Type = null

ModelAndView:
        View name = null
             View = null
            Model = null

FlashMap:
       Attributes = null

MockHttpServletResponse:
           Status = 200
    Error message = null
          Headers = [Content-Type:"application/json"]
     Content type = application/json
             Body = {"automobiles":[{"year":1967,"make":"Toyota","model":"Corolla","vin":"AABB0"},{"year":1968,"make":"Toyota","model":"Corolla","vin":"AABB1"},{"year":1969,"make":"Toyota","model":"Corolla","vin":"AABB2"},{"year":1970,"make":"Toyota","model":"Corolla","vin":"AABB3"},{"year":1971,"make":"Toyota","model":"Corolla","vin":"AABB4"}]}
    Forwarded URL = null
   Redirected URL = null
          Cookies = []

MockHttpServletRequest:
      HTTP Method = GET
      Request URI = /api/autos
       Parameters = {}
          Headers = []
             Body = null
    Session Attrs = {}

Handler:
             Type = com.galvanize.autos.AutosController
           Method = com.galvanize.autos.AutosController#getAutos(String, String)

Async:
    Async started = false
     Async result = null

Resolved Exception:
             Type = null

ModelAndView:
        View name = null
             View = null
            Model = null

FlashMap:
       Attributes = null

MockHttpServletResponse:
           Status = 200
    Error message = null
          Headers = [Content-Type:"application/json"]
     Content type = application/json
             Body = {"automobiles":[{"year":1967,"make":"Ford","model":"Mustang","vin":"AABB0"},{"year":1968,"make":"Ford","model":"Mustang","vin":"AABB1"},{"year":1969,"make":"Ford","model":"Mustang","vin":"AABB2"},{"year":1970,"make":"Ford","model":"Mustang","vin":"AABB3"},{"year":1971,"make":"Ford","model":"Mustang","vin":"AABB4"}]}
    Forwarded URL = null
   Redirected URL = null
          Cookies = []

MockHttpServletRequest:
      HTTP Method = POST
      Request URI = /api/autos
       Parameters = {}
          Headers = [Content-Type:"application/json;charset=UTF-8", Content-Length:"60"]
             Body = {"year":1967,"make":"Ford","model":"Mustang","vin":"AABBCC"}
    Session Attrs = {}

Handler:
             Type = com.galvanize.autos.AutosController
           Method = com.galvanize.autos.AutosController#addAuto(Automobile)

Async:
    Async started = false
     Async result = null

Resolved Exception:
             Type = com.galvanize.autos.InvalidAutoException

ModelAndView:
        View name = null
             View = null
            Model = null

FlashMap:
       Attributes = null

MockHttpServletResponse:
           Status = 400
    Error message = null
          Headers = []
     Content type = null
             Body = 
    Forwarded URL = null
   Redirected URL = null
          Cookies = []

MockHttpServletRequest:
      HTTP Method = GET
      Request URI = /api/autos
       Parameters = {make=[Toyota]}
          Headers = []
             Body = null
    Session Attrs = {}

Handler:
             Type = com.galvanize.autos.AutosController
           Method = com.galvanize.autos.AutosController#getAutos(String, String)

Async:
    Async started = false
     Async result = null

Resolved Exception:
             Type = null

ModelAndView:
        View name = null
             View = null
            Model = null

FlashMap:
       Attributes = null

MockHttpServletResponse:
           Status = 200
    Error message = null
          Headers = [Content-Type:"application/json"]
     Content type = application/json
             Body = {"automobiles":[{"year":1967,"make":"Toyota","model":"Corolla","vin":"AABB0"},{"year":1968,"make":"Toyota","model":"Corolla","vin":"AABB1"},{"year":1969,"make":"Toyota","model":"Corolla","vin":"AABB2"},{"year":1970,"make":"Toyota","model":"Corolla","vin":"AABB3"},{"year":1971,"make":"Toyota","model":"Corolla","vin":"AABB4"}]}
    Forwarded URL = null
   Redirected URL = null
          Cookies = []

MockHttpServletRequest:
      HTTP Method = GET
      Request URI = /api/autos
       Parameters = {color=[White]}
          Headers = []
             Body = null
    Session Attrs = {}

Handler:
             Type = com.galvanize.autos.AutosController
           Method = com.galvanize.autos.AutosController#getAutos(String, String)

Async:
    Async started = false
     Async result = null

Resolved Exception:
             Type = null

ModelAndView:
        View name = null
             View = null
            Model = null

FlashMap:
       Attributes = null

MockHttpServletResponse:
           Status = 200
    Error message = null
          Headers = [Content-Type:"application/json"]
     Content type = application/json
             Body = {"automobiles":[{"year":1967,"make":"Toyota","model":"Corolla","vin":"AABB0"},{"year":1968,"make":"Toyota","model":"Corolla","vin":"AABB1"},{"year":1969,"make":"Toyota","model":"Corolla","vin":"AABB2"},{"year":1970,"make":"Toyota","model":"Corolla","vin":"AABB3"},{"year":1971,"make":"Toyota","model":"Corolla","vin":"AABB4"}]}
    Forwarded URL = null
   Redirected URL = null
          Cookies = []

MockHttpServletRequest:
      HTTP Method = POST
      Request URI = /api/autos
       Parameters = {}
          Headers = [Content-Type:"application/json;charset=UTF-8", Content-Length:"60"]
             Body = {"year":1967,"make":"Ford","model":"Mustang","vin":"AABBCC"}
    Session Attrs = {}

Handler:
             Type = com.galvanize.autos.AutosController
           Method = com.galvanize.autos.AutosController#addAuto(Automobile)

Async:
    Async started = false
     Async result = null

Resolved Exception:
             Type = null

ModelAndView:
        View name = null
             View = null
            Model = null

FlashMap:
       Attributes = null

MockHttpServletResponse:
           Status = 200
    Error message = null
          Headers = [Content-Type:"application/json"]
     Content type = application/json
             Body = {"year":1967,"make":"Ford","model":"Mustang","vin":"AABBCC"}
    Forwarded URL = null
   Redirected URL = null
          Cookies = []

MockHttpServletRequest:
      HTTP Method = GET
      Request URI = /api/autos
       Parameters = {}
          Headers = []
             Body = null
    Session Attrs = {}

Handler:
             Type = com.galvanize.autos.AutosController
           Method = com.galvanize.autos.AutosController#getAutos(String, String)

Async:
    Async started = false
     Async result = null

Resolved Exception:
             Type = null

ModelAndView:
        View name = null
             View = null
            Model = null

FlashMap:
       Attributes = null

MockHttpServletResponse:
           Status = 204
    Error message = null
          Headers = []
     Content type = null
             Body = 
    Forwarded URL = null
   Redirected URL = null
          Cookies = []
]]></system-out>
  <system-err><![CDATA[]]></system-err>
</testsuite>
